Build started 4/03/2015 5:54:21 AM.
     1>Project "C:\Users\iuyhcdfs\Dropbox\Relic\Relic.vcxproj" on node 2 (Build target(s)).
     1>ClCompile:
         C:\Program Files (x86)\Microsoft Visual Studio 12.0\VC\bin\x86_amd64\CL.exe /c /Isrc /Isrc\SFML\include /Zi /nologo /W3 /WX- /O2 /D WIN32 /D NDEBUG /D _WINDOWS /Gm- /EHsc /MD /GS /fp:precise /Zc:wchar_t /Zc:forScope /Fo"x64\Release\\" /Fd"x64\Release\vc120.pdb" /Gd /TP /errorReport:prompt src\ClassIdSystem.cpp src\ComponentSystem.cpp src\DisplaySystem.cpp src\Editor.cpp src\EventSystem.cpp src\Game.cpp src\main.cpp src\PhysicsComponent.cpp src\Player.cpp src\PlayerComponent.cpp src\PlayerInputComponent.cpp
         ClassIdSystem.cpp
         ComponentSystem.cpp
         DisplaySystem.cpp
     1>c:\users\iuyhcdfs\dropbox\relic\src\RenderUtils.h(29): warning C4244: 'argument' : conversion from 'double' to 'GLsizei', possible loss of data
     1>c:\users\iuyhcdfs\dropbox\relic\src\RenderUtils.h(36): warning C4244: 'argument' : conversion from 'double' to 'GLsizei', possible loss of data
     1>c:\users\iuyhcdfs\dropbox\relic\src\RenderUtils.h(42): warning C4244: 'argument' : conversion from 'double' to 'GLfloat', possible loss of data
     1>c:\users\iuyhcdfs\dropbox\relic\src\RenderUtils.h(43): warning C4244: 'argument' : conversion from 'double' to 'GLfloat', possible loss of data
     1>c:\users\iuyhcdfs\dropbox\relic\src\RenderUtils.h(44): warning C4244: 'argument' : conversion from 'double' to 'GLfloat', possible loss of data
     1>c:\users\iuyhcdfs\dropbox\relic\src\RenderUtils.h(45): warning C4244: 'argument' : conversion from 'double' to 'GLfloat', possible loss of data
     1>src\DisplaySystem.cpp(36): warning C4267: 'initializing' : conversion from 'size_t' to 'int', possible loss of data
         Editor.cpp
         EventSystem.cpp
         Game.cpp
     1>c:\users\iuyhcdfs\dropbox\relic\src\RenderUtils.h(29): warning C4244: 'argument' : conversion from 'double' to 'GLsizei', possible loss of data
     1>c:\users\iuyhcdfs\dropbox\relic\src\RenderUtils.h(36): warning C4244: 'argument' : conversion from 'double' to 'GLsizei', possible loss of data
     1>c:\users\iuyhcdfs\dropbox\relic\src\RenderUtils.h(42): warning C4244: 'argument' : conversion from 'double' to 'GLfloat', possible loss of data
     1>c:\users\iuyhcdfs\dropbox\relic\src\RenderUtils.h(43): warning C4244: 'argument' : conversion from 'double' to 'GLfloat', possible loss of data
     1>c:\users\iuyhcdfs\dropbox\relic\src\RenderUtils.h(44): warning C4244: 'argument' : conversion from 'double' to 'GLfloat', possible loss of data
     1>c:\users\iuyhcdfs\dropbox\relic\src\RenderUtils.h(45): warning C4244: 'argument' : conversion from 'double' to 'GLfloat', possible loss of data
     1>src\Game.cpp(43): warning C4244: '=' : conversion from 'double' to 'int', possible loss of data
     1>src\Game.cpp(44): warning C4244: '=' : conversion from 'double' to 'int', possible loss of data
     1>src\Game.cpp(45): warning C4244: '=' : conversion from 'double' to 'int', possible loss of data
         main.cpp
     1>c:\users\iuyhcdfs\dropbox\relic\src\RenderUtils.h(29): warning C4244: 'argument' : conversion from 'double' to 'GLsizei', possible loss of data
     1>c:\users\iuyhcdfs\dropbox\relic\src\RenderUtils.h(36): warning C4244: 'argument' : conversion from 'double' to 'GLsizei', possible loss of data
     1>c:\users\iuyhcdfs\dropbox\relic\src\RenderUtils.h(42): warning C4244: 'argument' : conversion from 'double' to 'GLfloat', possible loss of data
     1>c:\users\iuyhcdfs\dropbox\relic\src\RenderUtils.h(43): warning C4244: 'argument' : conversion from 'double' to 'GLfloat', possible loss of data
     1>c:\users\iuyhcdfs\dropbox\relic\src\RenderUtils.h(44): warning C4244: 'argument' : conversion from 'double' to 'GLfloat', possible loss of data
     1>c:\users\iuyhcdfs\dropbox\relic\src\RenderUtils.h(45): warning C4244: 'argument' : conversion from 'double' to 'GLfloat', possible loss of data
     1>src\main.cpp(30): warning C4099: 'sf::Vector2<double>' : type name first seen using 'class' now seen using 'struct'
     1>src\main.cpp(38): warning C4244: 'argument' : conversion from 'double' to 'int', possible loss of data
     1>src\main.cpp(67): warning C4244: 'argument' : conversion from 'double' to 'unsigned int', possible loss of data
     1>src\main.cpp(83): warning C4244: 'argument' : conversion from 'time_t' to 'unsigned int', possible loss of data
     1>src\main.cpp(85): warning C4244: 'argument' : conversion from 'double' to 'int', possible loss of data
     1>src\main.cpp(116): warning C4244: 'argument' : conversion from 'double' to 'int', possible loss of data
     1>src\main.cpp(120): warning C4244: 'argument' : conversion from 'double' to 'sf::Int64', possible loss of data
         PhysicsComponent.cpp
         Player.cpp
         PlayerComponent.cpp
         PlayerInputComponent.cpp
         Generating Code...
       Link:
         C:\Program Files (x86)\Microsoft Visual Studio 12.0\VC\bin\x86_amd64\link.exe /ERRORREPORT:PROMPT /OUT:"C:\Users\iuyhcdfs\Dropbox\Relic\x64\Release\Relic.exe" /INCREMENTAL /NOLOGO /LIBPATH:src\SFML\lib "sfml-graphics.lib" "sfml-window.lib" "sfml-system.lib" opengl32.lib glu32.lib kernel32.lib user32.lib gdi32.lib winspool.lib comdlg32.lib advapi32.lib shell32.lib ole32.lib oleaut32.lib uuid.lib odbc32.lib odbccp32.lib /MANIFEST /MANIFESTUAC:"level='asInvoker' uiAccess='false'" /manifest:embed /DEBUG /PDB:"C:\Users\iuyhcdfs\Dropbox\Relic\x64\Release\Relic.pdb" /SUBSYSTEM:CONSOLE /OPT:REF /OPT:ICF /TLBID:1 /DYNAMICBASE /NXCOMPAT /IMPLIB:"C:\Users\iuyhcdfs\Dropbox\Relic\x64\Release\Relic.lib" /MACHINE:X64 x64\Release\ClassIdSystem.obj
         x64\Release\ComponentSystem.obj
         x64\Release\DisplaySystem.obj
         x64\Release\Editor.obj
         x64\Release\EventSystem.obj
         x64\Release\Game.obj
         x64\Release\main.obj
         x64\Release\PhysicsComponent.obj
         x64\Release\Player.obj
         x64\Release\PlayerComponent.obj
         x64\Release\PlayerInputComponent.obj
     1>LINK : warning LNK4075: ignoring '/INCREMENTAL' due to '/OPT:ICF' specification
         Relic.vcxproj -> C:\Users\iuyhcdfs\Dropbox\Relic\x64\Release\Relic.exe
     1>Done Building Project "C:\Users\iuyhcdfs\Dropbox\Relic\Relic.vcxproj" (Build target(s)).

Build succeeded.

Time Elapsed 00:00:05.43
