The system is: Windows - 10.0.10586 - AMD64
Compiling the C compiler identification source file "CMakeCCompilerId.c" succeeded.
Compiler:  
Build flags: 
Id flags: 

The output was:
0
Microsoft (R) Build Engine version 14.0.24730.2
Copyright (C) Microsoft Corporation. All rights reserved.

Build started 3/31/2016 5:46:49 PM.
The target "BeforeGenerateProjectPriFile" listed in a BeforeTargets attribute at "C:\Program Files (x86)\MSBuild\Microsoft\NuGet\Microsoft.NuGet.targets (186,61)" does not exist in the project, and will be ignored.
Project "C:\Users\fordy\Desktop\Relic\SFML\CMakeFiles\3.5.1\CompilerIdC\CompilerIdC.vcxproj" on node 1 (default targets).
PrepareForBuild:
  Creating directory "Debug\".
  Creating directory "Debug\CompilerIdC.tlog\".
InitializeBuildStatus:
  Creating "Debug\CompilerIdC.tlog\unsuccessfulbuild" because "AlwaysCreate" was specified.
ClCompile:
  C:\Program Files (x86)\Microsoft Visual Studio 14.0\VC\bin\CL.exe /c /nologo /W0 /WX- /Od /Oy- /D _MBCS /Gm- /EHsc /RTC1 /MDd /GS /fp:precise /Zc:wchar_t /Zc:forScope /Zc:inline /Fo"Debug\\" /Fd"Debug\vc140.pdb" /Gd /TC /analyze- /errorReport:queue CMakeCCompilerId.c
  CMakeCCompilerId.c
Link:
  C:\Program Files (x86)\Microsoft Visual Studio 14.0\VC\bin\link.exe /ERRORREPORT:QUEUE /OUT:".\CompilerIdC.exe" /INCREMENTAL:NO /NOLOGO kernel32.lib user32.lib gdi32.lib winspool.lib comdlg32.lib advapi32.lib shell32.lib ole32.lib oleaut32.lib uuid.lib odbc32.lib odbccp32.lib /MANIFEST /MANIFESTUAC:"level='asInvoker' uiAccess='false'" /manifest:embed /PDB:".\CompilerIdC.pdb" /SUBSYSTEM:CONSOLE /TLBID:1 /DYNAMICBASE /NXCOMPAT /IMPLIB:".\CompilerIdC.lib" /MACHINE:X86 /SAFESEH Debug\CMakeCCompilerId.obj
  CompilerIdC.vcxproj -> C:\Users\fordy\Desktop\Relic\SFML\CMakeFiles\3.5.1\CompilerIdC\.\CompilerIdC.exe
PostBuildEvent:
  for %%i in (cl.exe) do @echo CMAKE_C_COMPILER=%%~$PATH:i
  :VCEnd
  CMAKE_C_COMPILER=C:\Program Files (x86)\Microsoft Visual Studio 14.0\VC\bin\cl.exe
FinalizeBuildStatus:
  Deleting file "Debug\CompilerIdC.tlog\unsuccessfulbuild".
  Touching "Debug\CompilerIdC.tlog\CompilerIdC.lastbuildstate".
Done Building Project "C:\Users\fordy\Desktop\Relic\SFML\CMakeFiles\3.5.1\CompilerIdC\CompilerIdC.vcxproj" (default targets).

Build succeeded.
    0 Warning(s)
    0 Error(s)

Time Elapsed 00:00:03.30


Compilation of the C compiler identification source "CMakeCCompilerId.c" produced "CompilerIdC.exe"

Compilation of the C compiler identification source "CMakeCCompilerId.c" produced "CompilerIdC.vcxproj"

The C compiler identification is MSVC, found in "C:/Users/fordy/Desktop/Relic/SFML/CMakeFiles/3.5.1/CompilerIdC/CompilerIdC.exe"

Compiling the CXX compiler identification source file "CMakeCXXCompilerId.cpp" succeeded.
Compiler:  
Build flags: 
Id flags: 

The output was:
0
Microsoft (R) Build Engine version 14.0.24730.2
Copyright (C) Microsoft Corporation. All rights reserved.

Build started 3/31/2016 5:47:07 PM.
The target "BeforeGenerateProjectPriFile" listed in a BeforeTargets attribute at "C:\Program Files (x86)\MSBuild\Microsoft\NuGet\Microsoft.NuGet.targets (186,61)" does not exist in the project, and will be ignored.
Project "C:\Users\fordy\Desktop\Relic\SFML\CMakeFiles\3.5.1\CompilerIdCXX\CompilerIdCXX.vcxproj" on node 1 (default targets).
PrepareForBuild:
  Creating directory "Debug\".
  Creating directory "Debug\CompilerIdCXX.tlog\".
InitializeBuildStatus:
  Creating "Debug\CompilerIdCXX.tlog\unsuccessfulbuild" because "AlwaysCreate" was specified.
ClCompile:
  C:\Program Files (x86)\Microsoft Visual Studio 14.0\VC\bin\CL.exe /c /nologo /W0 /WX- /Od /Oy- /D _MBCS /Gm- /EHsc /RTC1 /MDd /GS /fp:precise /Zc:wchar_t /Zc:forScope /Zc:inline /Fo"Debug\\" /Fd"Debug\vc140.pdb" /Gd /TP /analyze- /errorReport:queue CMakeCXXCompilerId.cpp
  CMakeCXXCompilerId.cpp
Link:
  C:\Program Files (x86)\Microsoft Visual Studio 14.0\VC\bin\link.exe /ERRORREPORT:QUEUE /OUT:".\CompilerIdCXX.exe" /INCREMENTAL:NO /NOLOGO kernel32.lib user32.lib gdi32.lib winspool.lib comdlg32.lib advapi32.lib shell32.lib ole32.lib oleaut32.lib uuid.lib odbc32.lib odbccp32.lib /MANIFEST /MANIFESTUAC:"level='asInvoker' uiAccess='false'" /manifest:embed /PDB:".\CompilerIdCXX.pdb" /SUBSYSTEM:CONSOLE /TLBID:1 /DYNAMICBASE /NXCOMPAT /IMPLIB:".\CompilerIdCXX.lib" /MACHINE:X86 /SAFESEH Debug\CMakeCXXCompilerId.obj
  CompilerIdCXX.vcxproj -> C:\Users\fordy\Desktop\Relic\SFML\CMakeFiles\3.5.1\CompilerIdCXX\.\CompilerIdCXX.exe
PostBuildEvent:
  for %%i in (cl.exe) do @echo CMAKE_CXX_COMPILER=%%~$PATH:i
  :VCEnd
  CMAKE_CXX_COMPILER=C:\Program Files (x86)\Microsoft Visual Studio 14.0\VC\bin\cl.exe
FinalizeBuildStatus:
  Deleting file "Debug\CompilerIdCXX.tlog\unsuccessfulbuild".
  Touching "Debug\CompilerIdCXX.tlog\CompilerIdCXX.lastbuildstate".
Done Building Project "C:\Users\fordy\Desktop\Relic\SFML\CMakeFiles\3.5.1\CompilerIdCXX\CompilerIdCXX.vcxproj" (default targets).

Build succeeded.
    0 Warning(s)
    0 Error(s)

Time Elapsed 00:00:00.95


Compilation of the CXX compiler identification source "CMakeCXXCompilerId.cpp" produced "CompilerIdCXX.exe"

Compilation of the CXX compiler identification source "CMakeCXXCompilerId.cpp" produced "CompilerIdCXX.vcxproj"

The CXX compiler identification is MSVC, found in "C:/Users/fordy/Desktop/Relic/SFML/CMakeFiles/3.5.1/CompilerIdCXX/CompilerIdCXX.exe"

Determining if the CXX compiler works passed with the following output:
Change Dir: C:/Users/fordy/Desktop/Relic/SFML/CMakeFiles/CMakeTmp

Run Build Command:"C:/Program Files (x86)/MSBuild/14.0/bin/MSBuild.exe" "cmTC_ac305.vcxproj" "/p:Configuration=Debug" "/p:VisualStudioVersion=14.0"
Microsoft (R) Build Engine version 14.0.24730.2
Copyright (C) Microsoft Corporation. All rights reserved.

Build started 3/31/2016 5:47:09 PM.
The target "BeforeGenerateProjectPriFile" listed in a BeforeTargets attribute at "C:\Program Files (x86)\MSBuild\Microsoft\NuGet\Microsoft.NuGet.targets (186,61)" does not exist in the project, and will be ignored.
Project "C:\Users\fordy\Desktop\Relic\SFML\CMakeFiles\CMakeTmp\cmTC_ac305.vcxproj" on node 1 (default targets).
PrepareForBuild:
  Creating directory "cmTC_ac305.dir\Debug\".
  Creating directory "C:\Users\fordy\Desktop\Relic\SFML\CMakeFiles\CMakeTmp\Debug\".
  Creating directory "cmTC_ac305.dir\Debug\cmTC_ac305.tlog\".
InitializeBuildStatus:
  Creating "cmTC_ac305.dir\Debug\cmTC_ac305.tlog\unsuccessfulbuild" because "AlwaysCreate" was specified.
ClCompile:
  C:\Program Files (x86)\Microsoft Visual Studio 14.0\VC\bin\CL.exe /c /Zi /W3 /WX- /Od /Ob0 /Oy- /D WIN32 /D _WINDOWS /D _DEBUG /D "CMAKE_INTDIR=\"Debug\"" /D _MBCS /Gm- /EHsc /RTC1 /MDd /GS /fp:precise /Zc:wchar_t /Zc:forScope /Zc:inline /GR /Fo"cmTC_ac305.dir\Debug\\" /Fd"cmTC_ac305.dir\Debug\vc140.pdb" /Gd /TP /analyze- /errorReport:queue C:\Users\fordy\Desktop\Relic\SFML\CMakeFiles\CMakeTmp\testCXXCompiler.cxx
  Microsoft (R) C/C++ Optimizing Compiler Version 19.00.23506 for x86
  Copyright (C) Microsoft Corporation.  All rights reserved.
  
  cl /c /Zi /W3 /WX- /Od /Ob0 /Oy- /D WIN32 /D _WINDOWS /D _DEBUG /D "CMAKE_INTDIR=\"Debug\"" /D _MBCS /Gm- /EHsc /RTC1 /MDd /GS /fp:precise /Zc:wchar_t /Zc:forScope /Zc:inline /GR /Fo"cmTC_ac305.dir\Debug\\" /Fd"cmTC_ac305.dir\Debug\vc140.pdb" /Gd /TP /analyze- /errorReport:queue C:\Users\fordy\Desktop\Relic\SFML\CMakeFiles\CMakeTmp\testCXXCompiler.cxx
  
  testCXXCompiler.cxx
Link:
  C:\Program Files (x86)\Microsoft Visual Studio 14.0\VC\bin\link.exe /ERRORREPORT:QUEUE /OUT:"C:\Users\fordy\Desktop\Relic\SFML\CMakeFiles\CMakeTmp\Debug\cmTC_ac305.exe" /INCREMENTAL /NOLOGO kernel32.lib user32.lib gdi32.lib winspool.lib shell32.lib ole32.lib oleaut32.lib uuid.lib comdlg32.lib advapi32.lib /MANIFEST /MANIFESTUAC:"level='asInvoker' uiAccess='false'" /manifest:embed /DEBUG /PDB:"C:/Users/fordy/Desktop/Relic/SFML/CMakeFiles/CMakeTmp/Debug/cmTC_ac305.pdb" /SUBSYSTEM:CONSOLE /TLBID:1 /DYNAMICBASE /NXCOMPAT /IMPLIB:"C:/Users/fordy/Desktop/Relic/SFML/CMakeFiles/CMakeTmp/Debug/cmTC_ac305.lib" /MACHINE:X86 /SAFESEH  /machine:X86 cmTC_ac305.dir\Debug\testCXXCompiler.obj
  cmTC_ac305.vcxproj -> C:\Users\fordy\Desktop\Relic\SFML\CMakeFiles\CMakeTmp\Debug\cmTC_ac305.exe
  cmTC_ac305.vcxproj -> C:/Users/fordy/Desktop/Relic/SFML/CMakeFiles/CMakeTmp/Debug/cmTC_ac305.pdb (Full PDB)
FinalizeBuildStatus:
  Deleting file "cmTC_ac305.dir\Debug\cmTC_ac305.tlog\unsuccessfulbuild".
  Touching "cmTC_ac305.dir\Debug\cmTC_ac305.tlog\cmTC_ac305.lastbuildstate".
Done Building Project "C:\Users\fordy\Desktop\Relic\SFML\CMakeFiles\CMakeTmp\cmTC_ac305.vcxproj" (default targets).

Build succeeded.
    0 Warning(s)
    0 Error(s)

Time Elapsed 00:00:01.29


Detecting CXX compiler ABI info compiled with the following output:
Change Dir: C:/Users/fordy/Desktop/Relic/SFML/CMakeFiles/CMakeTmp

Run Build Command:"C:/Program Files (x86)/MSBuild/14.0/bin/MSBuild.exe" "cmTC_4c703.vcxproj" "/p:Configuration=Debug" "/p:VisualStudioVersion=14.0"
Microsoft (R) Build Engine version 14.0.24730.2
Copyright (C) Microsoft Corporation. All rights reserved.

Build started 3/31/2016 5:47:10 PM.
The target "BeforeGenerateProjectPriFile" listed in a BeforeTargets attribute at "C:\Program Files (x86)\MSBuild\Microsoft\NuGet\Microsoft.NuGet.targets (186,61)" does not exist in the project, and will be ignored.
Project "C:\Users\fordy\Desktop\Relic\SFML\CMakeFiles\CMakeTmp\cmTC_4c703.vcxproj" on node 1 (default targets).
PrepareForBuild:
  Creating directory "cmTC_4c703.dir\Debug\".
  Creating directory "C:\Users\fordy\Desktop\Relic\SFML\CMakeFiles\CMakeTmp\Debug\".
  Creating directory "cmTC_4c703.dir\Debug\cmTC_4c703.tlog\".
InitializeBuildStatus:
  Creating "cmTC_4c703.dir\Debug\cmTC_4c703.tlog\unsuccessfulbuild" because "AlwaysCreate" was specified.
ClCompile:
  C:\Program Files (x86)\Microsoft Visual Studio 14.0\VC\bin\CL.exe /c /Zi /W3 /WX- /Od /Ob0 /Oy- /D WIN32 /D _WINDOWS /D _DEBUG /D "CMAKE_INTDIR=\"Debug\"" /D _MBCS /Gm- /EHsc /RTC1 /MDd /GS /fp:precise /Zc:wchar_t /Zc:forScope /Zc:inline /GR /Fo"cmTC_4c703.dir\Debug\\" /Fd"cmTC_4c703.dir\Debug\vc140.pdb" /Gd /TP /analyze- /errorReport:queue "C:\Program Files (x86)\CMake\share\cmake-3.5\Modules\CMakeCXXCompilerABI.cpp"
  Microsoft (R) C/C++ Optimizing Compiler Version 19.00.23506 for x86
  Copyright (C) Microsoft Corporation.  All rights reserved.
  
  cl /c /Zi /W3 /WX- /Od /Ob0 /Oy- /D WIN32 /D _WINDOWS /D _DEBUG /D "CMAKE_INTDIR=\"Debug\"" /D _MBCS /Gm- /EHsc /RTC1 /MDd /GS /fp:precise /Zc:wchar_t /Zc:forScope /Zc:inline /GR /Fo"cmTC_4c703.dir\Debug\\" /Fd"cmTC_4c703.dir\Debug\vc140.pdb" /Gd /TP /analyze- /errorReport:queue "C:\Program Files (x86)\CMake\share\cmake-3.5\Modules\CMakeCXXCompilerABI.cpp"
  
  CMakeCXXCompilerABI.cpp
Link:
  C:\Program Files (x86)\Microsoft Visual Studio 14.0\VC\bin\link.exe /ERRORREPORT:QUEUE /OUT:"C:\Users\fordy\Desktop\Relic\SFML\CMakeFiles\CMakeTmp\Debug\cmTC_4c703.exe" /INCREMENTAL /NOLOGO kernel32.lib user32.lib gdi32.lib winspool.lib shell32.lib ole32.lib oleaut32.lib uuid.lib comdlg32.lib advapi32.lib /MANIFEST /MANIFESTUAC:"level='asInvoker' uiAccess='false'" /manifest:embed /DEBUG /PDB:"C:/Users/fordy/Desktop/Relic/SFML/CMakeFiles/CMakeTmp/Debug/cmTC_4c703.pdb" /SUBSYSTEM:CONSOLE /TLBID:1 /DYNAMICBASE /NXCOMPAT /IMPLIB:"C:/Users/fordy/Desktop/Relic/SFML/CMakeFiles/CMakeTmp/Debug/cmTC_4c703.lib" /MACHINE:X86 /SAFESEH  /machine:X86 cmTC_4c703.dir\Debug\CMakeCXXCompilerABI.obj
  cmTC_4c703.vcxproj -> C:\Users\fordy\Desktop\Relic\SFML\CMakeFiles\CMakeTmp\Debug\cmTC_4c703.exe
  cmTC_4c703.vcxproj -> C:/Users/fordy/Desktop/Relic/SFML/CMakeFiles/CMakeTmp/Debug/cmTC_4c703.pdb (Full PDB)
FinalizeBuildStatus:
  Deleting file "cmTC_4c703.dir\Debug\cmTC_4c703.tlog\unsuccessfulbuild".
  Touching "cmTC_4c703.dir\Debug\cmTC_4c703.tlog\cmTC_4c703.lastbuildstate".
Done Building Project "C:\Users\fordy\Desktop\Relic\SFML\CMakeFiles\CMakeTmp\cmTC_4c703.vcxproj" (default targets).

Build succeeded.
    0 Warning(s)
    0 Error(s)

Time Elapsed 00:00:01.18




Detecting CXX [] compiler features compiled with the following output:
Change Dir: C:/Users/fordy/Desktop/Relic/SFML/CMakeFiles/CMakeTmp

Run Build Command:"C:/Program Files (x86)/MSBuild/14.0/bin/MSBuild.exe" "cmTC_d7f8a.vcxproj" "/p:Configuration=Debug" "/p:VisualStudioVersion=14.0"
Microsoft (R) Build Engine version 14.0.24730.2
Copyright (C) Microsoft Corporation. All rights reserved.

Build started 3/31/2016 5:47:12 PM.
The target "BeforeGenerateProjectPriFile" listed in a BeforeTargets attribute at "C:\Program Files (x86)\MSBuild\Microsoft\NuGet\Microsoft.NuGet.targets (186,61)" does not exist in the project, and will be ignored.
Project "C:\Users\fordy\Desktop\Relic\SFML\CMakeFiles\CMakeTmp\cmTC_d7f8a.vcxproj" on node 1 (default targets).
PrepareForBuild:
  Creating directory "cmTC_d7f8a.dir\Debug\".
  Creating directory "C:\Users\fordy\Desktop\Relic\SFML\CMakeFiles\CMakeTmp\Debug\".
  Creating directory "cmTC_d7f8a.dir\Debug\cmTC_d7f8a.tlog\".
InitializeBuildStatus:
  Creating "cmTC_d7f8a.dir\Debug\cmTC_d7f8a.tlog\unsuccessfulbuild" because "AlwaysCreate" was specified.
ClCompile:
  C:\Program Files (x86)\Microsoft Visual Studio 14.0\VC\bin\CL.exe /c /Zi /W3 /WX- /Od /Ob0 /Oy- /D WIN32 /D _WINDOWS /D _DEBUG /D "CMAKE_INTDIR=\"Debug\"" /D _MBCS /Gm- /EHsc /RTC1 /MDd /GS /fp:precise /Zc:wchar_t /Zc:forScope /Zc:inline /GR /Fo"cmTC_d7f8a.dir\Debug\\" /Fd"cmTC_d7f8a.dir\Debug\vc140.pdb" /Gd /TP /analyze- /errorReport:queue C:\Users\fordy\Desktop\Relic\SFML\CMakeFiles\feature_tests.cxx
  Microsoft (R) C/C++ Optimizing Compiler Version 19.00.23506 for x86
  Copyright (C) Microsoft Corporation.  All rights reserved.
  
  cl /c /Zi /W3 /WX- /Od /Ob0 /Oy- /D WIN32 /D _WINDOWS /D _DEBUG /D "CMAKE_INTDIR=\"Debug\"" /D _MBCS /Gm- /EHsc /RTC1 /MDd /GS /fp:precise /Zc:wchar_t /Zc:forScope /Zc:inline /GR /Fo"cmTC_d7f8a.dir\Debug\\" /Fd"cmTC_d7f8a.dir\Debug\vc140.pdb" /Gd /TP /analyze- /errorReport:queue C:\Users\fordy\Desktop\Relic\SFML\CMakeFiles\feature_tests.cxx
  
  feature_tests.cxx
Link:
  C:\Program Files (x86)\Microsoft Visual Studio 14.0\VC\bin\link.exe /ERRORREPORT:QUEUE /OUT:"C:\Users\fordy\Desktop\Relic\SFML\CMakeFiles\CMakeTmp\Debug\cmTC_d7f8a.exe" /INCREMENTAL /NOLOGO kernel32.lib user32.lib gdi32.lib winspool.lib shell32.lib ole32.lib oleaut32.lib uuid.lib comdlg32.lib advapi32.lib /MANIFEST /MANIFESTUAC:"level='asInvoker' uiAccess='false'" /manifest:embed /DEBUG /PDB:"C:/Users/fordy/Desktop/Relic/SFML/CMakeFiles/CMakeTmp/Debug/cmTC_d7f8a.pdb" /SUBSYSTEM:CONSOLE /TLBID:1 /DYNAMICBASE /NXCOMPAT /IMPLIB:"C:/Users/fordy/Desktop/Relic/SFML/CMakeFiles/CMakeTmp/Debug/cmTC_d7f8a.lib" /MACHINE:X86 /SAFESEH  /machine:X86 cmTC_d7f8a.dir\Debug\feature_tests.obj
  cmTC_d7f8a.vcxproj -> C:\Users\fordy\Desktop\Relic\SFML\CMakeFiles\CMakeTmp\Debug\cmTC_d7f8a.exe
  cmTC_d7f8a.vcxproj -> C:/Users/fordy/Desktop/Relic/SFML/CMakeFiles/CMakeTmp/Debug/cmTC_d7f8a.pdb (Full PDB)
FinalizeBuildStatus:
  Deleting file "cmTC_d7f8a.dir\Debug\cmTC_d7f8a.tlog\unsuccessfulbuild".
  Touching "cmTC_d7f8a.dir\Debug\cmTC_d7f8a.tlog\cmTC_d7f8a.lastbuildstate".
Done Building Project "C:\Users\fordy\Desktop\Relic\SFML\CMakeFiles\CMakeTmp\cmTC_d7f8a.vcxproj" (default targets).

Build succeeded.
    0 Warning(s)
    0 Error(s)

Time Elapsed 00:00:01.28


    Feature record: CXX_FEATURE:1cxx_alias_templates
    Feature record: CXX_FEATURE:1cxx_alignas
    Feature record: CXX_FEATURE:1cxx_alignof
    Feature record: CXX_FEATURE:1cxx_attributes
    Feature record: CXX_FEATURE:1cxx_attribute_deprecated
    Feature record: CXX_FEATURE:1cxx_auto_type
    Feature record: CXX_FEATURE:1cxx_binary_literals
    Feature record: CXX_FEATURE:1cxx_constexpr
    Feature record: CXX_FEATURE:1cxx_contextual_conversions
    Feature record: CXX_FEATURE:1cxx_decltype
    Feature record: CXX_FEATURE:1cxx_decltype_auto
    Feature record: CXX_FEATURE:1cxx_default_function_template_args
    Feature record: CXX_FEATURE:1cxx_defaulted_functions
    Feature record: CXX_FEATURE:1cxx_defaulted_move_initializers
    Feature record: CXX_FEATURE:1cxx_delegating_constructors
    Feature record: CXX_FEATURE:1cxx_deleted_functions
    Feature record: CXX_FEATURE:1cxx_digit_separators
    Feature record: CXX_FEATURE:1cxx_enum_forward_declarations
    Feature record: CXX_FEATURE:1cxx_explicit_conversions
    Feature record: CXX_FEATURE:1cxx_extended_friend_declarations
    Feature record: CXX_FEATURE:1cxx_extern_templates
    Feature record: CXX_FEATURE:1cxx_final
    Feature record: CXX_FEATURE:1cxx_func_identifier
    Feature record: CXX_FEATURE:1cxx_generalized_initializers
    Feature record: CXX_FEATURE:1cxx_generic_lambdas
    Feature record: CXX_FEATURE:1cxx_inheriting_constructors
    Feature record: CXX_FEATURE:1cxx_inline_namespaces
    Feature record: CXX_FEATURE:1cxx_lambdas
    Feature record: CXX_FEATURE:1cxx_lambda_init_captures
    Feature record: CXX_FEATURE:1cxx_local_type_template_args
    Feature record: CXX_FEATURE:1cxx_long_long_type
    Feature record: CXX_FEATURE:1cxx_noexcept
    Feature record: CXX_FEATURE:1cxx_nonstatic_member_init
    Feature record: CXX_FEATURE:1cxx_nullptr
    Feature record: CXX_FEATURE:1cxx_override
    Feature record: CXX_FEATURE:1cxx_range_for
    Feature record: CXX_FEATURE:1cxx_raw_string_literals
    Feature record: CXX_FEATURE:1cxx_reference_qualified_functions
    Feature record: CXX_FEATURE:1cxx_return_type_deduction
    Feature record: CXX_FEATURE:1cxx_right_angle_brackets
    Feature record: CXX_FEATURE:1cxx_rvalue_references
    Feature record: CXX_FEATURE:1cxx_sizeof_member
    Feature record: CXX_FEATURE:1cxx_static_assert
    Feature record: CXX_FEATURE:1cxx_strong_enums
    Feature record: CXX_FEATURE:1cxx_template_template_parameters
    Feature record: CXX_FEATURE:1cxx_thread_local
    Feature record: CXX_FEATURE:1cxx_trailing_return_types
    Feature record: CXX_FEATURE:1cxx_unicode_literals
    Feature record: CXX_FEATURE:1cxx_uniform_initialization
    Feature record: CXX_FEATURE:1cxx_unrestricted_unions
    Feature record: CXX_FEATURE:1cxx_user_literals
    Feature record: CXX_FEATURE:1cxx_variadic_macros
    Feature record: CXX_FEATURE:1cxx_variadic_templates
Determining if the include file sys/types.h exists passed with the following output:
Change Dir: C:/Users/fordy/Desktop/Relic/SFML/CMakeFiles/CMakeTmp

Run Build Command:"C:/Program Files (x86)/MSBuild/14.0/bin/MSBuild.exe" "cmTC_72f06.vcxproj" "/p:Configuration=Debug" "/p:VisualStudioVersion=14.0"
Microsoft (R) Build Engine version 14.0.24730.2
Copyright (C) Microsoft Corporation. All rights reserved.

Build started 3/31/2016 5:47:14 PM.
The target "BeforeGenerateProjectPriFile" listed in a BeforeTargets attribute at "C:\Program Files (x86)\MSBuild\Microsoft\NuGet\Microsoft.NuGet.targets (186,61)" does not exist in the project, and will be ignored.
Project "C:\Users\fordy\Desktop\Relic\SFML\CMakeFiles\CMakeTmp\cmTC_72f06.vcxproj" on node 1 (default targets).
PrepareForBuild:
  Creating directory "cmTC_72f06.dir\Debug\".
  Creating directory "C:\Users\fordy\Desktop\Relic\SFML\CMakeFiles\CMakeTmp\Debug\".
  Creating directory "cmTC_72f06.dir\Debug\cmTC_72f06.tlog\".
InitializeBuildStatus:
  Creating "cmTC_72f06.dir\Debug\cmTC_72f06.tlog\unsuccessfulbuild" because "AlwaysCreate" was specified.
ClCompile:
  C:\Program Files (x86)\Microsoft Visual Studio 14.0\VC\bin\CL.exe /c /Zi /W3 /WX- /Od /Ob0 /Oy- /D WIN32 /D _WINDOWS /D _DEBUG /D "CMAKE_INTDIR=\"Debug\"" /D _MBCS /Gm- /RTC1 /MDd /GS /fp:precise /Zc:wchar_t /Zc:forScope /Zc:inline /Fo"cmTC_72f06.dir\Debug\\" /Fd"cmTC_72f06.dir\Debug\vc140.pdb" /Gd /TC /analyze- /errorReport:queue C:\Users\fordy\Desktop\Relic\SFML\CMakeFiles\CMakeTmp\CheckIncludeFile.c
  Microsoft (R) C/C++ Optimizing Compiler Version 19.00.23506 for x86
  Copyright (C) Microsoft Corporation.  All rights reserved.
  
  cl /c /Zi /W3 /WX- /Od /Ob0 /Oy- /D WIN32 /D _WINDOWS /D _DEBUG /D "CMAKE_INTDIR=\"Debug\"" /D _MBCS /Gm- /RTC1 /MDd /GS /fp:precise /Zc:wchar_t /Zc:forScope /Zc:inline /Fo"cmTC_72f06.dir\Debug\\" /Fd"cmTC_72f06.dir\Debug\vc140.pdb" /Gd /TC /analyze- /errorReport:queue C:\Users\fordy\Desktop\Relic\SFML\CMakeFiles\CMakeTmp\CheckIncludeFile.c
  
  CheckIncludeFile.c
Link:
  C:\Program Files (x86)\Microsoft Visual Studio 14.0\VC\bin\link.exe /ERRORREPORT:QUEUE /OUT:"C:\Users\fordy\Desktop\Relic\SFML\CMakeFiles\CMakeTmp\Debug\cmTC_72f06.exe" /INCREMENTAL /NOLOGO kernel32.lib user32.lib gdi32.lib winspool.lib shell32.lib ole32.lib oleaut32.lib uuid.lib comdlg32.lib advapi32.lib /MANIFEST /MANIFESTUAC:"level='asInvoker' uiAccess='false'" /manifest:embed /DEBUG /PDB:"C:/Users/fordy/Desktop/Relic/SFML/CMakeFiles/CMakeTmp/Debug/cmTC_72f06.pdb" /SUBSYSTEM:CONSOLE /TLBID:1 /DYNAMICBASE /NXCOMPAT /IMPLIB:"C:/Users/fordy/Desktop/Relic/SFML/CMakeFiles/CMakeTmp/Debug/cmTC_72f06.lib" /MACHINE:X86 /SAFESEH  /machine:X86 cmTC_72f06.dir\Debug\CheckIncludeFile.obj
  cmTC_72f06.vcxproj -> C:\Users\fordy\Desktop\Relic\SFML\CMakeFiles\CMakeTmp\Debug\cmTC_72f06.exe
  cmTC_72f06.vcxproj -> C:/Users/fordy/Desktop/Relic/SFML/CMakeFiles/CMakeTmp/Debug/cmTC_72f06.pdb (Full PDB)
FinalizeBuildStatus:
  Deleting file "cmTC_72f06.dir\Debug\cmTC_72f06.tlog\unsuccessfulbuild".
  Touching "cmTC_72f06.dir\Debug\cmTC_72f06.tlog\cmTC_72f06.lastbuildstate".
Done Building Project "C:\Users\fordy\Desktop\Relic\SFML\CMakeFiles\CMakeTmp\cmTC_72f06.vcxproj" (default targets).

Build succeeded.
    0 Warning(s)
    0 Error(s)

Time Elapsed 00:00:01.51


Determining if the include file stdint.h exists passed with the following output:
Change Dir: C:/Users/fordy/Desktop/Relic/SFML/CMakeFiles/CMakeTmp

Run Build Command:"C:/Program Files (x86)/MSBuild/14.0/bin/MSBuild.exe" "cmTC_393c6.vcxproj" "/p:Configuration=Debug" "/p:VisualStudioVersion=14.0"
Microsoft (R) Build Engine version 14.0.24730.2
Copyright (C) Microsoft Corporation. All rights reserved.

Build started 3/31/2016 5:47:16 PM.
The target "BeforeGenerateProjectPriFile" listed in a BeforeTargets attribute at "C:\Program Files (x86)\MSBuild\Microsoft\NuGet\Microsoft.NuGet.targets (186,61)" does not exist in the project, and will be ignored.
Project "C:\Users\fordy\Desktop\Relic\SFML\CMakeFiles\CMakeTmp\cmTC_393c6.vcxproj" on node 1 (default targets).
PrepareForBuild:
  Creating directory "cmTC_393c6.dir\Debug\".
  Creating directory "C:\Users\fordy\Desktop\Relic\SFML\CMakeFiles\CMakeTmp\Debug\".
  Creating directory "cmTC_393c6.dir\Debug\cmTC_393c6.tlog\".
InitializeBuildStatus:
  Creating "cmTC_393c6.dir\Debug\cmTC_393c6.tlog\unsuccessfulbuild" because "AlwaysCreate" was specified.
ClCompile:
  C:\Program Files (x86)\Microsoft Visual Studio 14.0\VC\bin\CL.exe /c /Zi /W3 /WX- /Od /Ob0 /Oy- /D WIN32 /D _WINDOWS /D _DEBUG /D "CMAKE_INTDIR=\"Debug\"" /D _MBCS /Gm- /RTC1 /MDd /GS /fp:precise /Zc:wchar_t /Zc:forScope /Zc:inline /Fo"cmTC_393c6.dir\Debug\\" /Fd"cmTC_393c6.dir\Debug\vc140.pdb" /Gd /TC /analyze- /errorReport:queue C:\Users\fordy\Desktop\Relic\SFML\CMakeFiles\CMakeTmp\CheckIncludeFile.c
  Microsoft (R) C/C++ Optimizing Compiler Version 19.00.23506 for x86
  Copyright (C) Microsoft Corporation.  All rights reserved.
  
  cl /c /Zi /W3 /WX- /Od /Ob0 /Oy- /D WIN32 /D _WINDOWS /D _DEBUG /D "CMAKE_INTDIR=\"Debug\"" /D _MBCS /Gm- /RTC1 /MDd /GS /fp:precise /Zc:wchar_t /Zc:forScope /Zc:inline /Fo"cmTC_393c6.dir\Debug\\" /Fd"cmTC_393c6.dir\Debug\vc140.pdb" /Gd /TC /analyze- /errorReport:queue C:\Users\fordy\Desktop\Relic\SFML\CMakeFiles\CMakeTmp\CheckIncludeFile.c
  
  CheckIncludeFile.c
Link:
  C:\Program Files (x86)\Microsoft Visual Studio 14.0\VC\bin\link.exe /ERRORREPORT:QUEUE /OUT:"C:\Users\fordy\Desktop\Relic\SFML\CMakeFiles\CMakeTmp\Debug\cmTC_393c6.exe" /INCREMENTAL /NOLOGO kernel32.lib user32.lib gdi32.lib winspool.lib shell32.lib ole32.lib oleaut32.lib uuid.lib comdlg32.lib advapi32.lib /MANIFEST /MANIFESTUAC:"level='asInvoker' uiAccess='false'" /manifest:embed /DEBUG /PDB:"C:/Users/fordy/Desktop/Relic/SFML/CMakeFiles/CMakeTmp/Debug/cmTC_393c6.pdb" /SUBSYSTEM:CONSOLE /TLBID:1 /DYNAMICBASE /NXCOMPAT /IMPLIB:"C:/Users/fordy/Desktop/Relic/SFML/CMakeFiles/CMakeTmp/Debug/cmTC_393c6.lib" /MACHINE:X86 /SAFESEH  /machine:X86 cmTC_393c6.dir\Debug\CheckIncludeFile.obj
  cmTC_393c6.vcxproj -> C:\Users\fordy\Desktop\Relic\SFML\CMakeFiles\CMakeTmp\Debug\cmTC_393c6.exe
  cmTC_393c6.vcxproj -> C:/Users/fordy/Desktop/Relic/SFML/CMakeFiles/CMakeTmp/Debug/cmTC_393c6.pdb (Full PDB)
FinalizeBuildStatus:
  Deleting file "cmTC_393c6.dir\Debug\cmTC_393c6.tlog\unsuccessfulbuild".
  Touching "cmTC_393c6.dir\Debug\cmTC_393c6.tlog\cmTC_393c6.lastbuildstate".
Done Building Project "C:\Users\fordy\Desktop\Relic\SFML\CMakeFiles\CMakeTmp\cmTC_393c6.vcxproj" (default targets).

Build succeeded.
    0 Warning(s)
    0 Error(s)

Time Elapsed 00:00:01.66


Determining if the include file stddef.h exists passed with the following output:
Change Dir: C:/Users/fordy/Desktop/Relic/SFML/CMakeFiles/CMakeTmp

Run Build Command:"C:/Program Files (x86)/MSBuild/14.0/bin/MSBuild.exe" "cmTC_51e5b.vcxproj" "/p:Configuration=Debug" "/p:VisualStudioVersion=14.0"
Microsoft (R) Build Engine version 14.0.24730.2
Copyright (C) Microsoft Corporation. All rights reserved.

Build started 3/31/2016 5:47:18 PM.
The target "BeforeGenerateProjectPriFile" listed in a BeforeTargets attribute at "C:\Program Files (x86)\MSBuild\Microsoft\NuGet\Microsoft.NuGet.targets (186,61)" does not exist in the project, and will be ignored.
Project "C:\Users\fordy\Desktop\Relic\SFML\CMakeFiles\CMakeTmp\cmTC_51e5b.vcxproj" on node 1 (default targets).
PrepareForBuild:
  Creating directory "cmTC_51e5b.dir\Debug\".
  Creating directory "C:\Users\fordy\Desktop\Relic\SFML\CMakeFiles\CMakeTmp\Debug\".
  Creating directory "cmTC_51e5b.dir\Debug\cmTC_51e5b.tlog\".
InitializeBuildStatus:
  Creating "cmTC_51e5b.dir\Debug\cmTC_51e5b.tlog\unsuccessfulbuild" because "AlwaysCreate" was specified.
ClCompile:
  C:\Program Files (x86)\Microsoft Visual Studio 14.0\VC\bin\CL.exe /c /Zi /W3 /WX- /Od /Ob0 /Oy- /D WIN32 /D _WINDOWS /D _DEBUG /D "CMAKE_INTDIR=\"Debug\"" /D _MBCS /Gm- /RTC1 /MDd /GS /fp:precise /Zc:wchar_t /Zc:forScope /Zc:inline /Fo"cmTC_51e5b.dir\Debug\\" /Fd"cmTC_51e5b.dir\Debug\vc140.pdb" /Gd /TC /analyze- /errorReport:queue C:\Users\fordy\Desktop\Relic\SFML\CMakeFiles\CMakeTmp\CheckIncludeFile.c
  Microsoft (R) C/C++ Optimizing Compiler Version 19.00.23506 for x86
  Copyright (C) Microsoft Corporation.  All rights reserved.
  
  cl /c /Zi /W3 /WX- /Od /Ob0 /Oy- /D WIN32 /D _WINDOWS /D _DEBUG /D "CMAKE_INTDIR=\"Debug\"" /D _MBCS /Gm- /RTC1 /MDd /GS /fp:precise /Zc:wchar_t /Zc:forScope /Zc:inline /Fo"cmTC_51e5b.dir\Debug\\" /Fd"cmTC_51e5b.dir\Debug\vc140.pdb" /Gd /TC /analyze- /errorReport:queue C:\Users\fordy\Desktop\Relic\SFML\CMakeFiles\CMakeTmp\CheckIncludeFile.c
  
  CheckIncludeFile.c
Link:
  C:\Program Files (x86)\Microsoft Visual Studio 14.0\VC\bin\link.exe /ERRORREPORT:QUEUE /OUT:"C:\Users\fordy\Desktop\Relic\SFML\CMakeFiles\CMakeTmp\Debug\cmTC_51e5b.exe" /INCREMENTAL /NOLOGO kernel32.lib user32.lib gdi32.lib winspool.lib shell32.lib ole32.lib oleaut32.lib uuid.lib comdlg32.lib advapi32.lib /MANIFEST /MANIFESTUAC:"level='asInvoker' uiAccess='false'" /manifest:embed /DEBUG /PDB:"C:/Users/fordy/Desktop/Relic/SFML/CMakeFiles/CMakeTmp/Debug/cmTC_51e5b.pdb" /SUBSYSTEM:CONSOLE /TLBID:1 /DYNAMICBASE /NXCOMPAT /IMPLIB:"C:/Users/fordy/Desktop/Relic/SFML/CMakeFiles/CMakeTmp/Debug/cmTC_51e5b.lib" /MACHINE:X86 /SAFESEH  /machine:X86 cmTC_51e5b.dir\Debug\CheckIncludeFile.obj
  cmTC_51e5b.vcxproj -> C:\Users\fordy\Desktop\Relic\SFML\CMakeFiles\CMakeTmp\Debug\cmTC_51e5b.exe
  cmTC_51e5b.vcxproj -> C:/Users/fordy/Desktop/Relic/SFML/CMakeFiles/CMakeTmp/Debug/cmTC_51e5b.pdb (Full PDB)
FinalizeBuildStatus:
  Deleting file "cmTC_51e5b.dir\Debug\cmTC_51e5b.tlog\unsuccessfulbuild".
  Touching "cmTC_51e5b.dir\Debug\cmTC_51e5b.tlog\cmTC_51e5b.lastbuildstate".
Done Building Project "C:\Users\fordy\Desktop\Relic\SFML\CMakeFiles\CMakeTmp\cmTC_51e5b.vcxproj" (default targets).

Build succeeded.
    0 Warning(s)
    0 Error(s)

Time Elapsed 00:00:01.76


Determining size of void* passed with the following output:
Change Dir: C:/Users/fordy/Desktop/Relic/SFML/CMakeFiles/CMakeTmp

Run Build Command:"C:/Program Files (x86)/MSBuild/14.0/bin/MSBuild.exe" "cmTC_dd926.vcxproj" "/p:Configuration=Debug" "/p:VisualStudioVersion=14.0"
Microsoft (R) Build Engine version 14.0.24730.2
Copyright (C) Microsoft Corporation. All rights reserved.

Build started 3/31/2016 5:47:20 PM.
The target "BeforeGenerateProjectPriFile" listed in a BeforeTargets attribute at "C:\Program Files (x86)\MSBuild\Microsoft\NuGet\Microsoft.NuGet.targets (186,61)" does not exist in the project, and will be ignored.
Project "C:\Users\fordy\Desktop\Relic\SFML\CMakeFiles\CMakeTmp\cmTC_dd926.vcxproj" on node 1 (default targets).
PrepareForBuild:
  Creating directory "cmTC_dd926.dir\Debug\".
  Creating directory "C:\Users\fordy\Desktop\Relic\SFML\CMakeFiles\CMakeTmp\Debug\".
  Creating directory "cmTC_dd926.dir\Debug\cmTC_dd926.tlog\".
InitializeBuildStatus:
  Creating "cmTC_dd926.dir\Debug\cmTC_dd926.tlog\unsuccessfulbuild" because "AlwaysCreate" was specified.
ClCompile:
  C:\Program Files (x86)\Microsoft Visual Studio 14.0\VC\bin\CL.exe /c /Zi /W3 /WX- /Od /Ob0 /Oy- /D WIN32 /D _WINDOWS /D _DEBUG /D "CMAKE_INTDIR=\"Debug\"" /D _MBCS /Gm- /RTC1 /MDd /GS /fp:precise /Zc:wchar_t /Zc:forScope /Zc:inline /Fo"cmTC_dd926.dir\Debug\\" /Fd"cmTC_dd926.dir\Debug\vc140.pdb" /Gd /TC /analyze- /errorReport:queue C:\Users\fordy\Desktop\Relic\SFML\CMakeFiles\CheckTypeSize\SIZEOF_VOID_PTR.c
  Microsoft (R) C/C++ Optimizing Compiler Version 19.00.23506 for x86
  Copyright (C) Microsoft Corporation.  All rights reserved.
  
  cl /c /Zi /W3 /WX- /Od /Ob0 /Oy- /D WIN32 /D _WINDOWS /D _DEBUG /D "CMAKE_INTDIR=\"Debug\"" /D _MBCS /Gm- /RTC1 /MDd /GS /fp:precise /Zc:wchar_t /Zc:forScope /Zc:inline /Fo"cmTC_dd926.dir\Debug\\" /Fd"cmTC_dd926.dir\Debug\vc140.pdb" /Gd /TC /analyze- /errorReport:queue C:\Users\fordy\Desktop\Relic\SFML\CMakeFiles\CheckTypeSize\SIZEOF_VOID_PTR.c
  
  SIZEOF_VOID_PTR.c
Link:
  C:\Program Files (x86)\Microsoft Visual Studio 14.0\VC\bin\link.exe /ERRORREPORT:QUEUE /OUT:"C:\Users\fordy\Desktop\Relic\SFML\CMakeFiles\CMakeTmp\Debug\cmTC_dd926.exe" /INCREMENTAL /NOLOGO kernel32.lib user32.lib gdi32.lib winspool.lib shell32.lib ole32.lib oleaut32.lib uuid.lib comdlg32.lib advapi32.lib /MANIFEST /MANIFESTUAC:"level='asInvoker' uiAccess='false'" /manifest:embed /DEBUG /PDB:"C:/Users/fordy/Desktop/Relic/SFML/CMakeFiles/CMakeTmp/Debug/cmTC_dd926.pdb" /SUBSYSTEM:CONSOLE /TLBID:1 /DYNAMICBASE /NXCOMPAT /IMPLIB:"C:/Users/fordy/Desktop/Relic/SFML/CMakeFiles/CMakeTmp/Debug/cmTC_dd926.lib" /MACHINE:X86 /SAFESEH  /machine:X86 cmTC_dd926.dir\Debug\SIZEOF_VOID_PTR.obj
  cmTC_dd926.vcxproj -> C:\Users\fordy\Desktop\Relic\SFML\CMakeFiles\CMakeTmp\Debug\cmTC_dd926.exe
  cmTC_dd926.vcxproj -> C:/Users/fordy/Desktop/Relic/SFML/CMakeFiles/CMakeTmp/Debug/cmTC_dd926.pdb (Full PDB)
FinalizeBuildStatus:
  Deleting file "cmTC_dd926.dir\Debug\cmTC_dd926.tlog\unsuccessfulbuild".
  Touching "cmTC_dd926.dir\Debug\cmTC_dd926.tlog\cmTC_dd926.lastbuildstate".
Done Building Project "C:\Users\fordy\Desktop\Relic\SFML\CMakeFiles\CMakeTmp\cmTC_dd926.vcxproj" (default targets).

Build succeeded.
    0 Warning(s)
    0 Error(s)

Time Elapsed 00:00:01.71


